<?xml version="1.0" encoding="UTF-8"?>
<!-- Generated by org.testng.reporters.JUnitReportReporter -->
<testsuite hostname="DESKTOP-MECDLTE" failures="0" tests="1" name="com.Internship_UI_Tests.UploadingFileTest" time="8.133" errors="0" timestamp="2024-08-07T01:21:56 EEST" skipped="0">
  <testcase classname="com.Internship_UI_Tests.UploadingFileTest" name="uploadingFile" time="8.133"/>
</testsuite> <!-- com.Internship_UI_Tests.UploadingFileTest -->
